Vivado Simulator 2017.2
Copyright 1986-1999, 2001-2016 Xilinx, Inc. All Rights Reserved.
Running: /opt/Xilinx/Vivado/2017.2/bin/unwrapped/lnx64.o/xelab -wto 09b4b0f5132c4c6fa231e22dbd16f72f --debug typical --relax --mt 8 -L xil_defaultlib -L unisims_ver -L unimacro_ver -L secureip --snapshot ALU_top_behav xil_defaultlib.ALU_top xil_defaultlib.glbl -log elaborate.log 
Using 8 slave threads.
Starting static elaboration
Completed static elaboration
Starting simulation data flow analysis
WARNING: [XSIM 43-4099] "/home/dylan/Documents/Nexys4-Artix7-ALU/Nexys4-Artix7-ALU.srcs/sources_1/imports/new/But_opcode.sv" Line 21. Module But_opcode doesn't have a timescale but at least one module in design has a timescale.
WARNING: [XSIM 43-4099] "/home/dylan/Documents/Nexys4-Artix7-ALU/Nexys4-Artix7-ALU.srcs/sources_1/imports/new/ALU.sv" Line 23. Module ALU doesn't have a timescale but at least one module in design has a timescale.
WARNING: [XSIM 43-4099] "/home/dylan/Documents/Nexys4-Artix7-ALU/Nexys4-Artix7-ALU.srcs/sources_1/imports/new/encoder.sv" Line 21. Module encoder doesn't have a timescale but at least one module in design has a timescale.
WARNING: [XSIM 43-4099] "/home/dylan/Documents/Nexys4-Artix7-ALU/Nexys4-Artix7-ALU.srcs/sources_1/imports/new/encoder.sv" Line 21. Module encoder doesn't have a timescale but at least one module in design has a timescale.
WARNING: [XSIM 43-4099] "/home/dylan/Documents/Nexys4-Artix7-ALU/Nexys4-Artix7-ALU.srcs/sources_1/imports/new/encoder.sv" Line 21. Module encoder doesn't have a timescale but at least one module in design has a timescale.
WARNING: [XSIM 43-4099] "/home/dylan/Documents/Nexys4-Artix7-ALU/Nexys4-Artix7-ALU.srcs/sources_1/imports/new/encoder.sv" Line 21. Module encoder doesn't have a timescale but at least one module in design has a timescale.
WARNING: [XSIM 43-4099] "/home/dylan/Documents/Nexys4-Artix7-ALU/Nexys4-Artix7-ALU.srcs/sources_1/imports/new/encoder.sv" Line 21. Module encoder doesn't have a timescale but at least one module in design has a timescale.
WARNING: [XSIM 43-4099] "/home/dylan/Documents/Nexys4-Artix7-ALU/Nexys4-Artix7-ALU.srcs/sources_1/imports/new/encoder.sv" Line 21. Module encoder doesn't have a timescale but at least one module in design has a timescale.
WARNING: [XSIM 43-4099] "/home/dylan/Documents/Nexys4-Artix7-ALU/Nexys4-Artix7-ALU.srcs/sources_1/imports/new/encoder.sv" Line 21. Module encoder doesn't have a timescale but at least one module in design has a timescale.
WARNING: [XSIM 43-4099] "/home/dylan/Documents/Nexys4-Artix7-ALU/Nexys4-Artix7-ALU.srcs/sources_1/imports/new/encoder.sv" Line 21. Module encoder doesn't have a timescale but at least one module in design has a timescale.
WARNING: [XSIM 43-4099] "/home/dylan/Documents/Nexys4-Artix7-ALU/Nexys4-Artix7-ALU.srcs/sources_1/imports/new/Counter.sv" Line 20. Module Counter doesn't have a timescale but at least one module in design has a timescale.
WARNING: [XSIM 43-4099] "/home/dylan/Documents/Nexys4-Artix7-ALU/Nexys4-Artix7-ALU.srcs/sources_1/imports/new/Counter_3bit.sv" Line 20. Module Counter_3bit doesn't have a timescale but at least one module in design has a timescale.
WARNING: [XSIM 43-4099] "/home/dylan/Documents/Nexys4-Artix7-ALU/Nexys4-Artix7-ALU.srcs/sources_1/imports/new/cathode_MUX.sv" Line 22. Module cathode_MUX doesn't have a timescale but at least one module in design has a timescale.
WARNING: [XSIM 43-4099] "/home/dylan/Documents/Nexys4-Artix7-ALU/Nexys4-Artix7-ALU.srcs/sources_1/imports/new/anode_MUX.sv" Line 22. Module anode_MUX doesn't have a timescale but at least one module in design has a timescale.
Completed simulation data flow analysis
Time Resolution for simulation is 1ps
Compiling module xil_defaultlib.But_opcode
Compiling module xil_defaultlib.ALU
Compiling module xil_defaultlib.encoder
Compiling module xil_defaultlib.Counter
Compiling module xil_defaultlib.Counter_3bit
Compiling module xil_defaultlib.cathode_MUX
Compiling module xil_defaultlib.anode_MUX
Compiling module xil_defaultlib.ALU_top
Compiling module xil_defaultlib.glbl
Built simulation snapshot ALU_top_behav
